# JRE version: OpenJDK Runtime Environment (11.0.28+6) (build 11.0.28+6-post-Ubuntu-1ubuntu124.04.1)
# Java VM: OpenJDK 64-Bit Server VM (11.0.28+6-post-Ubuntu-1ubuntu124.04.1, mixed mode, sharing, tiered, compressed oops, g1 gc, linux-amd64)
Heap:
 garbage-first heap   total 274432K, used 29394K [0x000000060d600000, 0x0000000800000000)
  region size 2048K, 10 young (20480K), 1 survivors (2048K)
 Metaspace       used 8814K, capacity 9086K, committed 9216K, reserved 1056768K
  class space    used 831K, capacity 940K, committed 1024K, reserved 1048576K
GC Heap History (14 events):
Event: 0.068 GC heap before
{Heap before GC invocations=0 (full 0):
 garbage-first heap   total 516096K, used 2768K [0x000000060d600000, 0x0000000800000000)
  region size 2048K, 3 young (6144K), 0 survivors (0K)
 Metaspace       used 1871K, capacity 4779K, committed 4864K, reserved 1056768K
  class space    used 172K, capacity 465K, committed 512K, reserved 1048576K
}
Event: 0.070 GC heap after
{Heap after GC invocations=1 (full 1):
 garbage-first heap   total 34816K, used 2739K [0x000000060d600000, 0x0000000800000000)
  region size 2048K, 0 young (0K), 0 survivors (0K)
 Metaspace       used 1871K, capacity 4779K, committed 4864K, reserved 1056768K
  class space    used 172K, capacity 465K, committed 512K, reserved 1048576K
}
Event: 0.142 GC heap before
{Heap before GC invocations=1 (full 1):
 garbage-first heap   total 34816K, used 12979K [0x000000060d600000, 0x0000000800000000)
  region size 2048K, 5 young (10240K), 0 survivors (0K)
 Metaspace       used 2386K, capacity 4962K, committed 5120K, reserved 1056768K
  class space    used 219K, capacity 480K, committed 512K, reserved 1048576K
}
Event: 0.143 GC heap after
{Heap after GC invocations=2 (full 1):
 garbage-first heap   total 34816K, used 3703K [0x000000060d600000, 0x0000000800000000)
  region size 2048K, 1 young (2048K), 1 survivors (2048K)
 Metaspace       used 2386K, capacity 4962K, committed 5120K, reserved 1056768K
  class space    used 219K, capacity 480K, committed 512K, reserved 1048576K
}
Event: 0.151 GC heap before
{Heap before GC invocations=2 (full 1):
 garbage-first heap   total 34816K, used 15991K [0x000000060d600000, 0x0000000800000000)
  region size 2048K, 7 young (14336K), 1 survivors (2048K)
 Metaspace       used 2402K, capacity 4962K, committed 5120K, reserved 1056768K
  class space    used 219K, capacity 480K, committed 512K, reserved 1048576K
}
Event: 0.152 GC heap after
{Heap after GC invocations=3 (full 1):
 garbage-first heap   total 34816K, used 4808K [0x000000060d600000, 0x0000000800000000)
  region size 2048K, 1 young (2048K), 1 survivors (2048K)
 Metaspace       used 2402K, capacity 4962K, committed 5120K, reserved 1056768K
  class space    used 219K, capacity 480K, committed 512K, reserved 1048576K
}
Event: 0.161 GC heap before
{Heap before GC invocations=3 (full 1):
 garbage-first heap   total 34816K, used 15048K [0x000000060d600000, 0x0000000800000000)
  region size 2048K, 6 young (12288K), 1 survivors (2048K)
 Metaspace       used 2432K, capacity 4962K, committed 5120K, reserved 1056768K
  class space    used 219K, capacity 480K, committed 512K, reserved 1048576K
}
Event: 0.163 GC heap after
{Heap after GC invocations=4 (full 1):
 garbage-first heap   total 34816K, used 5852K [0x000000060d600000, 0x0000000800000000)
  region size 2048K, 1 young (2048K), 1 survivors (2048K)
 Metaspace       used 2432K, capacity 4962K, committed 5120K, reserved 1056768K
  class space    used 219K, capacity 480K, committed 512K, reserved 1048576K
}
Event: 0.215 GC heap before
{Heap before GC invocations=4 (full 1):
 garbage-first heap   total 34816K, used 11996K [0x000000060d600000, 0x0000000800000000)
  region size 2048K, 5 young (10240K), 1 survivors (2048K)
 Metaspace       used 2456K, capacity 4963K, committed 5120K, reserved 1056768K
  class space    used 219K, capacity 480K, committed 512K, reserved 1048576K
}
Event: 0.226 GC heap after
{Heap after GC invocations=5 (full 2):
 garbage-first heap   total 34816K, used 6556K [0x000000060d600000, 0x0000000800000000)
  region size 2048K, 0 young (0K), 0 survivors (0K)
 Metaspace       used 2456K, capacity 4963K, committed 5120K, reserved 1056768K
  class space    used 219K, capacity 480K, committed 512K, reserved 1048576K
}
Event: 0.348 GC heap before
{Heap before GC invocations=5 (full 2):
 garbage-first heap   total 34816K, used 16796K [0x000000060d600000, 0x0000000800000000)
  region size 2048K, 5 young (10240K), 0 survivors (0K)
 Metaspace       used 5115K, capacity 6288K, committed 6400K, reserved 1056768K
  class space    used 492K, capacity 674K, committed 768K, reserved 1048576K
}
Event: 0.351 GC heap after
{Heap after GC invocations=6 (full 2):
 garbage-first heap   total 34816K, used 11383K [0x000000060d600000, 0x0000000800000000)
  region size 2048K, 1 young (2048K), 1 survivors (2048K)
 Metaspace       used 5115K, capacity 6288K, committed 6400K, reserved 1056768K
  class space    used 492K, capacity 674K, committed 768K, reserved 1048576K
}
Event: 0.402 GC heap before
{Heap before GC invocations=6 (full 2):
 garbage-first heap   total 34816K, used 19575K [0x000000060d600000, 0x0000000800000000)
  region size 2048K, 5 young (10240K), 1 survivors (2048K)
 Metaspace       used 7063K, capacity 7617K, committed 7808K, reserved 1056768K
  class space    used 671K, capacity 837K, committed 896K, reserved 1048576K
}
Event: 0.404 GC heap after
{Heap after GC invocations=7 (full 2):
 garbage-first heap   total 274432K, used 13010K [0x000000060d600000, 0x0000000800000000)
  region size 2048K, 1 young (2048K), 1 survivors (2048K)
 Metaspace       used 7063K, capacity 7617K, committed 7808K, reserved 1056768K
  class space    used 671K, capacity 837K, committed 896K, reserved 1048576K
}

