# JRE version: OpenJDK Runtime Environment (11.0.29+7) (build 11.0.29+7-post-Ubuntu-1ubuntu124.04)
# Java VM: OpenJDK 64-Bit Server VM (11.0.29+7-post-Ubuntu-1ubuntu124.04, mixed mode, sharing, tiered, compressed oops, g1 gc, linux-amd64)
Heap:
 garbage-first heap   total 274432K, used 45468K [0x000000060d600000, 0x0000000800000000)
  region size 2048K, 18 young (36864K), 1 survivors (2048K)
 Metaspace       used 8973K, capacity 9278K, committed 9472K, reserved 1058816K
  class space    used 833K, capacity 940K, committed 1024K, reserved 1048576K
GC Heap History (14 events):
Event: 0.068 GC heap before
{Heap before GC invocations=0 (full 0):
 garbage-first heap   total 516096K, used 2768K [0x000000060d600000, 0x0000000800000000)
  region size 2048K, 3 young (6144K), 0 survivors (0K)
 Metaspace       used 1876K, capacity 4779K, committed 4864K, reserved 1056768K
  class space    used 172K, capacity 465K, committed 512K, reserved 1048576K
}
Event: 0.070 GC heap after
{Heap after GC invocations=1 (full 1):
 garbage-first heap   total 34816K, used 2739K [0x000000060d600000, 0x0000000800000000)
  region size 2048K, 0 young (0K), 0 survivors (0K)
 Metaspace       used 1876K, capacity 4779K, committed 4864K, reserved 1056768K
  class space    used 172K, capacity 465K, committed 512K, reserved 1048576K
}
Event: 0.138 GC heap before
{Heap before GC invocations=1 (full 1):
 garbage-first heap   total 34816K, used 12979K [0x000000060d600000, 0x0000000800000000)
  region size 2048K, 5 young (10240K), 0 survivors (0K)
 Metaspace       used 2386K, capacity 4962K, committed 5120K, reserved 1056768K
  class space    used 219K, capacity 480K, committed 512K, reserved 1048576K
}
Event: 0.139 GC heap after
{Heap after GC invocations=2 (full 1):
 garbage-first heap   total 34816K, used 3710K [0x000000060d600000, 0x0000000800000000)
  region size 2048K, 1 young (2048K), 1 survivors (2048K)
 Metaspace       used 2386K, capacity 4962K, committed 5120K, reserved 1056768K
  class space    used 219K, capacity 480K, committed 512K, reserved 1048576K
}
Event: 0.148 GC heap before
{Heap before GC invocations=2 (full 1):
 garbage-first heap   total 34816K, used 15998K [0x000000060d600000, 0x0000000800000000)
  region size 2048K, 7 young (14336K), 1 survivors (2048K)
 Metaspace       used 2403K, capacity 4962K, committed 5120K, reserved 1056768K
  class space    used 219K, capacity 480K, committed 512K, reserved 1048576K
}
Event: 0.149 GC heap after
{Heap after GC invocations=3 (full 1):
 garbage-first heap   total 34816K, used 4808K [0x000000060d600000, 0x0000000800000000)
  region size 2048K, 1 young (2048K), 1 survivors (2048K)
 Metaspace       used 2403K, capacity 4962K, committed 5120K, reserved 1056768K
  class space    used 219K, capacity 480K, committed 512K, reserved 1048576K
}
Event: 0.158 GC heap before
{Heap before GC invocations=3 (full 1):
 garbage-first heap   total 34816K, used 15048K [0x000000060d600000, 0x0000000800000000)
  region size 2048K, 6 young (12288K), 1 survivors (2048K)
 Metaspace       used 2436K, capacity 4962K, committed 5120K, reserved 1056768K
  class space    used 219K, capacity 480K, committed 512K, reserved 1048576K
}
Event: 0.160 GC heap after
{Heap after GC invocations=4 (full 1):
 garbage-first heap   total 34816K, used 5976K [0x000000060d600000, 0x0000000800000000)
  region size 2048K, 1 young (2048K), 1 survivors (2048K)
 Metaspace       used 2436K, capacity 4962K, committed 5120K, reserved 1056768K
  class space    used 219K, capacity 480K, committed 512K, reserved 1048576K
}
Event: 0.215 GC heap before
{Heap before GC invocations=4 (full 1):
 garbage-first heap   total 34816K, used 12120K [0x000000060d600000, 0x0000000800000000)
  region size 2048K, 5 young (10240K), 1 survivors (2048K)
 Metaspace       used 2455K, capacity 4963K, committed 5120K, reserved 1056768K
  class space    used 219K, capacity 480K, committed 512K, reserved 1048576K
}
Event: 0.227 GC heap after
{Heap after GC invocations=5 (full 2):
 garbage-first heap   total 34816K, used 6556K [0x000000060d600000, 0x0000000800000000)
  region size 2048K, 0 young (0K), 0 survivors (0K)
 Metaspace       used 2455K, capacity 4963K, committed 5120K, reserved 1056768K
  class space    used 219K, capacity 480K, committed 512K, reserved 1048576K
}
Event: 0.352 GC heap before
{Heap before GC invocations=5 (full 2):
 garbage-first heap   total 34816K, used 16796K [0x000000060d600000, 0x0000000800000000)
  region size 2048K, 5 young (10240K), 0 survivors (0K)
 Metaspace       used 5171K, capacity 6352K, committed 6656K, reserved 1056768K
  class space    used 497K, capacity 674K, committed 768K, reserved 1048576K
}
Event: 0.354 GC heap after
{Heap after GC invocations=6 (full 2):
 garbage-first heap   total 34816K, used 11092K [0x000000060d600000, 0x0000000800000000)
  region size 2048K, 1 young (2048K), 1 survivors (2048K)
 Metaspace       used 5171K, capacity 6352K, committed 6656K, reserved 1056768K
  class space    used 497K, capacity 674K, committed 768K, reserved 1048576K
}
Event: 0.402 GC heap before
{Heap before GC invocations=6 (full 2):
 garbage-first heap   total 34816K, used 19284K [0x000000060d600000, 0x0000000800000000)
  region size 2048K, 5 young (10240K), 1 survivors (2048K)
 Metaspace       used 7032K, capacity 7617K, committed 7808K, reserved 1056768K
  class space    used 671K, capacity 837K, committed 896K, reserved 1048576K
}
Event: 0.405 GC heap after
{Heap after GC invocations=7 (full 2):
 garbage-first heap   total 274432K, used 12700K [0x000000060d600000, 0x0000000800000000)
  region size 2048K, 1 young (2048K), 1 survivors (2048K)
 Metaspace       used 7032K, capacity 7617K, committed 7808K, reserved 1056768K
  class space    used 671K, capacity 837K, committed 896K, reserved 1048576K
}

