# JRE version: OpenJDK Runtime Environment (11.0.29+7) (build 11.0.29+7-post-Ubuntu-1ubuntu124.04)
# Java VM: OpenJDK 64-Bit Server VM (11.0.29+7-post-Ubuntu-1ubuntu124.04, mixed mode, sharing, tiered, compressed oops, g1 gc, linux-amd64)
Heap:
 garbage-first heap   total 284672K, used 50634K [0x000000060d600000, 0x0000000800000000)
  region size 2048K, 11 young (22528K), 6 survivors (12288K)
 Metaspace       used 9285K, capacity 9595K, committed 9728K, reserved 1058816K
  class space    used 833K, capacity 940K, committed 1024K, reserved 1048576K
GC Heap History (20 events):
Event: 0.215 GC heap before
{Heap before GC invocations=4 (full 1):
 garbage-first heap   total 34816K, used 10186K [0x000000060d600000, 0x0000000800000000)
  region size 2048K, 4 young (8192K), 1 survivors (2048K)
 Metaspace       used 2455K, capacity 4963K, committed 5120K, reserved 1056768K
  class space    used 219K, capacity 480K, committed 512K, reserved 1048576K
}
Event: 0.228 GC heap after
{Heap after GC invocations=5 (full 2):
 garbage-first heap   total 34816K, used 6556K [0x000000060d600000, 0x0000000800000000)
  region size 2048K, 0 young (0K), 0 survivors (0K)
 Metaspace       used 2455K, capacity 4963K, committed 5120K, reserved 1056768K
  class space    used 219K, capacity 480K, committed 512K, reserved 1048576K
}
Event: 0.351 GC heap before
{Heap before GC invocations=5 (full 2):
 garbage-first heap   total 34816K, used 16796K [0x000000060d600000, 0x0000000800000000)
  region size 2048K, 5 young (10240K), 0 survivors (0K)
 Metaspace       used 5138K, capacity 6352K, committed 6656K, reserved 1056768K
  class space    used 495K, capacity 674K, committed 768K, reserved 1048576K
}
Event: 0.353 GC heap after
{Heap after GC invocations=6 (full 2):
 garbage-first heap   total 34816K, used 11238K [0x000000060d600000, 0x0000000800000000)
  region size 2048K, 1 young (2048K), 1 survivors (2048K)
 Metaspace       used 5138K, capacity 6352K, committed 6656K, reserved 1056768K
  class space    used 495K, capacity 674K, committed 768K, reserved 1048576K
}
Event: 0.402 GC heap before
{Heap before GC invocations=6 (full 2):
 garbage-first heap   total 34816K, used 17382K [0x000000060d600000, 0x0000000800000000)
  region size 2048K, 5 young (10240K), 1 survivors (2048K)
 Metaspace       used 7034K, capacity 7617K, committed 7808K, reserved 1056768K
  class space    used 671K, capacity 837K, committed 896K, reserved 1048576K
}
Event: 0.405 GC heap after
{Heap after GC invocations=7 (full 2):
 garbage-first heap   total 274432K, used 12849K [0x000000060d600000, 0x0000000800000000)
  region size 2048K, 1 young (2048K), 1 survivors (2048K)
 Metaspace       used 7034K, capacity 7617K, committed 7808K, reserved 1056768K
  class space    used 671K, capacity 837K, committed 896K, reserved 1048576K
}
Event: 0.516 GC heap before
{Heap before GC invocations=7 (full 2):
 garbage-first heap   total 274432K, used 37425K [0x000000060d600000, 0x0000000800000000)
  region size 2048K, 14 young (28672K), 1 survivors (2048K)
 Metaspace       used 8943K, capacity 9210K, committed 9472K, reserved 1058816K
  class space    used 833K, capacity 940K, committed 1024K, reserved 1048576K
}
Event: 0.523 GC heap after
{Heap after GC invocations=8 (full 3):
 garbage-first heap   total 81920K, used 14194K [0x000000060d600000, 0x0000000800000000)
  region size 2048K, 0 young (0K), 0 survivors (0K)
 Metaspace       used 8943K, capacity 9210K, committed 9472K, reserved 1058816K
  class space    used 833K, capacity 940K, committed 1024K, reserved 1048576K
}
Event: 0.576 GC heap before
{Heap before GC invocations=8 (full 3):
 garbage-first heap   total 81920K, used 14194K [0x000000060d600000, 0x0000000800000000)
  region size 2048K, 1 young (2048K), 0 survivors (0K)
 Metaspace       used 8944K, capacity 9210K, committed 9472K, reserved 1058816K
  class space    used 833K, capacity 940K, committed 1024K, reserved 1048576K
}
Event: 0.583 GC heap after
{Heap after GC invocations=9 (full 4):
 garbage-first heap   total 55296K, used 11681K [0x000000060d600000, 0x0000000800000000)
  region size 2048K, 0 young (0K), 0 survivors (0K)
 Metaspace       used 8944K, capacity 9210K, committed 9472K, reserved 1058816K
  class space    used 833K, capacity 940K, committed 1024K, reserved 1048576K
}
Event: 0.764 GC heap before
{Heap before GC invocations=9 (full 4):
 garbage-first heap   total 55296K, used 23969K [0x000000060d600000, 0x0000000800000000)
  region size 2048K, 7 young (14336K), 0 survivors (0K)
 Metaspace       used 9006K, capacity 9274K, committed 9472K, reserved 1058816K
  class space    used 833K, capacity 940K, committed 1024K, reserved 1048576K
}
Event: 0.765 GC heap after
{Heap after GC invocations=10 (full 4):
 garbage-first heap   total 55296K, used 15719K [0x000000060d600000, 0x0000000800000000)
  region size 2048K, 1 young (2048K), 1 survivors (2048K)
 Metaspace       used 9006K, capacity 9274K, committed 9472K, reserved 1058816K
  class space    used 833K, capacity 940K, committed 1024K, reserved 1048576K
}
Event: 0.875 GC heap before
{Heap before GC invocations=10 (full 4):
 garbage-first heap   total 55296K, used 32103K [0x000000060d600000, 0x0000000800000000)
  region size 2048K, 9 young (18432K), 1 survivors (2048K)
 Metaspace       used 9026K, capacity 9339K, committed 9472K, reserved 1058816K
  class space    used 833K, capacity 940K, committed 1024K, reserved 1048576K
}
Event: 0.878 GC heap after
{Heap after GC invocations=11 (full 4):
 garbage-first heap   total 55296K, used 18992K [0x000000060d600000, 0x0000000800000000)
  region size 2048K, 2 young (4096K), 2 survivors (4096K)
 Metaspace       used 9026K, capacity 9339K, committed 9472K, reserved 1058816K
  class space    used 833K, capacity 940K, committed 1024K, reserved 1048576K
}
Event: 0.977 GC heap before
{Heap before GC invocations=11 (full 4):
 garbage-first heap   total 55296K, used 31280K [0x000000060d600000, 0x0000000800000000)
  region size 2048K, 8 young (16384K), 2 survivors (4096K)
 Metaspace       used 9039K, capacity 9339K, committed 9472K, reserved 1058816K
  class space    used 833K, capacity 940K, committed 1024K, reserved 1048576K
}
Event: 0.979 GC heap after
{Heap after GC invocations=12 (full 4):
 garbage-first heap   total 55296K, used 20663K [0x000000060d600000, 0x0000000800000000)
  region size 2048K, 1 young (2048K), 1 survivors (2048K)
 Metaspace       used 9039K, capacity 9339K, committed 9472K, reserved 1058816K
  class space    used 833K, capacity 940K, committed 1024K, reserved 1048576K
}
Event: 1.094 GC heap before
{Heap before GC invocations=12 (full 4):
 garbage-first heap   total 55296K, used 30903K [0x000000060d600000, 0x0000000800000000)
  region size 2048K, 7 young (14336K), 1 survivors (2048K)
 Metaspace       used 9060K, capacity 9339K, committed 9472K, reserved 1058816K
  class space    used 833K, capacity 940K, committed 1024K, reserved 1048576K
}
Event: 1.096 GC heap after
{Heap after GC invocations=13 (full 4):
 garbage-first heap   total 284672K, used 22785K [0x000000060d600000, 0x0000000800000000)
  region size 2048K, 1 young (2048K), 1 survivors (2048K)
 Metaspace       used 9060K, capacity 9339K, committed 9472K, reserved 1058816K
  class space    used 833K, capacity 940K, committed 1024K, reserved 1048576K
}
Event: 1.574 GC heap before
{Heap before GC invocations=13 (full 4):
 garbage-first heap   total 284672K, used 108801K [0x000000060d600000, 0x0000000800000000)
  region size 2048K, 44 young (90112K), 1 survivors (2048K)
 Metaspace       used 9278K, capacity 9595K, committed 9728K, reserved 1058816K
  class space    used 833K, capacity 940K, committed 1024K, reserved 1048576K
}
Event: 1.578 GC heap after
{Heap after GC invocations=14 (full 4):
 garbage-first heap   total 284672K, used 42442K [0x000000060d600000, 0x0000000800000000)
  region size 2048K, 6 young (12288K), 6 survivors (12288K)
 Metaspace       used 9278K, capacity 9595K, committed 9728K, reserved 1058816K
  class space    used 833K, capacity 940K, committed 1024K, reserved 1048576K
}

