# JRE version: OpenJDK Runtime Environment (11.0.29+7) (build 11.0.29+7-post-Ubuntu-1ubuntu124.04)
# Java VM: OpenJDK 64-Bit Server VM (11.0.29+7-post-Ubuntu-1ubuntu124.04, mixed mode, sharing, tiered, compressed oops, g1 gc, linux-amd64)
Heap:
 garbage-first heap   total 296960K, used 132039K [0x000000060d600000, 0x0000000800000000)
  region size 2048K, 50 young (102400K), 2 survivors (4096K)
 Metaspace       used 9324K, capacity 9591K, committed 9728K, reserved 1058816K
  class space    used 833K, capacity 940K, committed 1024K, reserved 1048576K
GC Heap History (20 events):
Event: 0.150 GC heap after
{Heap after GC invocations=3 (full 1):
 garbage-first heap   total 34816K, used 4800K [0x000000060d600000, 0x0000000800000000)
  region size 2048K, 1 young (2048K), 1 survivors (2048K)
 Metaspace       used 2402K, capacity 4962K, committed 5120K, reserved 1056768K
  class space    used 219K, capacity 480K, committed 512K, reserved 1048576K
}
Event: 0.157 GC heap before
{Heap before GC invocations=3 (full 1):
 garbage-first heap   total 34816K, used 15040K [0x000000060d600000, 0x0000000800000000)
  region size 2048K, 6 young (12288K), 1 survivors (2048K)
 Metaspace       used 2440K, capacity 4962K, committed 5120K, reserved 1056768K
  class space    used 219K, capacity 480K, committed 512K, reserved 1048576K
}
Event: 0.159 GC heap after
{Heap after GC invocations=4 (full 1):
 garbage-first heap   total 34816K, used 6063K [0x000000060d600000, 0x0000000800000000)
  region size 2048K, 1 young (2048K), 1 survivors (2048K)
 Metaspace       used 2440K, capacity 4962K, committed 5120K, reserved 1056768K
  class space    used 219K, capacity 480K, committed 512K, reserved 1048576K
}
Event: 0.213 GC heap before
{Heap before GC invocations=4 (full 1):
 garbage-first heap   total 34816K, used 10159K [0x000000060d600000, 0x0000000800000000)
  region size 2048K, 4 young (8192K), 1 survivors (2048K)
 Metaspace       used 2455K, capacity 4963K, committed 5120K, reserved 1056768K
  class space    used 219K, capacity 480K, committed 512K, reserved 1048576K
}
Event: 0.223 GC heap after
{Heap after GC invocations=5 (full 2):
 garbage-first heap   total 34816K, used 6556K [0x000000060d600000, 0x0000000800000000)
  region size 2048K, 0 young (0K), 0 survivors (0K)
 Metaspace       used 2455K, capacity 4963K, committed 5120K, reserved 1056768K
  class space    used 219K, capacity 480K, committed 512K, reserved 1048576K
}
Event: 0.349 GC heap before
{Heap before GC invocations=5 (full 2):
 garbage-first heap   total 34816K, used 16796K [0x000000060d600000, 0x0000000800000000)
  region size 2048K, 5 young (10240K), 0 survivors (0K)
 Metaspace       used 5162K, capacity 6352K, committed 6656K, reserved 1056768K
  class space    used 497K, capacity 674K, committed 768K, reserved 1048576K
}
Event: 0.351 GC heap after
{Heap after GC invocations=6 (full 2):
 garbage-first heap   total 34816K, used 11090K [0x000000060d600000, 0x0000000800000000)
  region size 2048K, 1 young (2048K), 1 survivors (2048K)
 Metaspace       used 5162K, capacity 6352K, committed 6656K, reserved 1056768K
  class space    used 497K, capacity 674K, committed 768K, reserved 1048576K
}
Event: 0.402 GC heap before
{Heap before GC invocations=6 (full 2):
 garbage-first heap   total 34816K, used 19282K [0x000000060d600000, 0x0000000800000000)
  region size 2048K, 5 young (10240K), 1 survivors (2048K)
 Metaspace       used 7035K, capacity 7617K, committed 7808K, reserved 1056768K
  class space    used 671K, capacity 837K, committed 896K, reserved 1048576K
}
Event: 0.404 GC heap after
{Heap after GC invocations=7 (full 2):
 garbage-first heap   total 274432K, used 12700K [0x000000060d600000, 0x0000000800000000)
  region size 2048K, 1 young (2048K), 1 survivors (2048K)
 Metaspace       used 7035K, capacity 7617K, committed 7808K, reserved 1056768K
  class space    used 671K, capacity 837K, committed 896K, reserved 1048576K
}
Event: 0.644 GC heap before
{Heap before GC invocations=7 (full 2):
 garbage-first heap   total 274432K, used 47516K [0x000000060d600000, 0x0000000800000000)
  region size 2048K, 19 young (38912K), 1 survivors (2048K)
 Metaspace       used 8996K, capacity 9270K, committed 9472K, reserved 1058816K
  class space    used 833K, capacity 940K, committed 1024K, reserved 1048576K
}
Event: 0.652 GC heap after
{Heap after GC invocations=8 (full 3):
 garbage-first heap   total 81920K, used 16657K [0x000000060d600000, 0x0000000800000000)
  region size 2048K, 0 young (0K), 0 survivors (0K)
 Metaspace       used 8996K, capacity 9270K, committed 9472K, reserved 1058816K
  class space    used 833K, capacity 940K, committed 1024K, reserved 1048576K
}
Event: 0.847 GC heap before
{Heap before GC invocations=8 (full 3):
 garbage-first heap   total 81920K, used 37137K [0x000000060d600000, 0x0000000800000000)
  region size 2048K, 11 young (22528K), 0 survivors (0K)
 Metaspace       used 9035K, capacity 9335K, committed 9472K, reserved 1058816K
  class space    used 833K, capacity 940K, committed 1024K, reserved 1048576K
}
Event: 0.849 GC heap after
{Heap after GC invocations=9 (full 3):
 garbage-first heap   total 81920K, used 22240K [0x000000060d600000, 0x0000000800000000)
  region size 2048K, 2 young (4096K), 2 survivors (4096K)
 Metaspace       used 9035K, capacity 9335K, committed 9472K, reserved 1058816K
  class space    used 833K, capacity 940K, committed 1024K, reserved 1048576K
}
Event: 1.032 GC heap before
{Heap before GC invocations=9 (full 3):
 garbage-first heap   total 81920K, used 46816K [0x000000060d600000, 0x0000000800000000)
  region size 2048K, 14 young (28672K), 2 survivors (4096K)
 Metaspace       used 9100K, capacity 9399K, committed 9728K, reserved 1058816K
  class space    used 833K, capacity 940K, committed 1024K, reserved 1048576K
}
Event: 1.034 GC heap after
{Heap after GC invocations=10 (full 3):
 garbage-first heap   total 81920K, used 26210K [0x000000060d600000, 0x0000000800000000)
  region size 2048K, 2 young (4096K), 2 survivors (4096K)
 Metaspace       used 9100K, capacity 9399K, committed 9728K, reserved 1058816K
  class space    used 833K, capacity 940K, committed 1024K, reserved 1048576K
}
Event: 1.215 GC heap before
{Heap before GC invocations=10 (full 3):
 garbage-first heap   total 81920K, used 46690K [0x000000060d600000, 0x0000000800000000)
  region size 2048K, 13 young (26624K), 2 survivors (4096K)
 Metaspace       used 9186K, capacity 9463K, committed 9728K, reserved 1058816K
  class space    used 833K, capacity 940K, committed 1024K, reserved 1048576K
}
Event: 1.217 GC heap after
{Heap after GC invocations=11 (full 3):
 garbage-first heap   total 81920K, used 30304K [0x000000060d600000, 0x0000000800000000)
  region size 2048K, 2 young (4096K), 2 survivors (4096K)
 Metaspace       used 9186K, capacity 9463K, committed 9728K, reserved 1058816K
  class space    used 833K, capacity 940K, committed 1024K, reserved 1048576K
}
Event: 1.375 GC heap before
{Heap before GC invocations=11 (full 3):
 garbage-first heap   total 81920K, used 48736K [0x000000060d600000, 0x0000000800000000)
  region size 2048K, 11 young (22528K), 2 survivors (4096K)
 Metaspace       used 9199K, capacity 9463K, committed 9728K, reserved 1058816K
  class space    used 833K, capacity 940K, committed 1024K, reserved 1048576K
}
Event: 1.379 GC heap after
{Heap after GC invocations=12 (full 3):
 garbage-first heap   total 296960K, used 33735K [0x000000060d600000, 0x0000000800000000)
  region size 2048K, 2 young (4096K), 2 survivors (4096K)
 Metaspace       used 9199K, capacity 9463K, committed 9728K, reserved 1058816K
  class space    used 833K, capacity 940K, committed 1024K, reserved 1048576K
}
Event: 2.010 GC heap before
{Heap before GC invocations=12 (full 3):
 garbage-first heap   total 296960K, used 132039K [0x000000060d600000, 0x0000000800000000)
  region size 2048K, 50 young (102400K), 2 survivors (4096K)
 Metaspace       used 9324K, capacity 9591K, committed 9728K, reserved 1058816K
  class space    used 833K, capacity 940K, committed 1024K, reserved 1048576K
}

