# JRE version: OpenJDK Runtime Environment (11.0.29+7) (build 11.0.29+7-post-Ubuntu-1ubuntu124.04)
# Java VM: OpenJDK 64-Bit Server VM (11.0.29+7-post-Ubuntu-1ubuntu124.04, mixed mode, sharing, tiered, compressed oops, g1 gc, linux-amd64)
Heap:
 garbage-first heap   total 296960K, used 151578K [0x000000060d600000, 0x0000000800000000)
  region size 2048K, 63 young (129024K), 2 survivors (4096K)
 Metaspace       used 9354K, capacity 9661K, committed 9984K, reserved 1058816K
  class space    used 835K, capacity 942K, committed 1024K, reserved 1048576K
GC Heap History (20 events):
Event: 0.157 GC heap before
{Heap before GC invocations=3 (full 1):
 garbage-first heap   total 34816K, used 15054K [0x000000060d600000, 0x0000000800000000)
  region size 2048K, 6 young (12288K), 1 survivors (2048K)
 Metaspace       used 2436K, capacity 4962K, committed 5120K, reserved 1056768K
  class space    used 219K, capacity 480K, committed 512K, reserved 1048576K
}
Event: 0.159 GC heap after
{Heap after GC invocations=4 (full 1):
 garbage-first heap   total 34816K, used 5828K [0x000000060d600000, 0x0000000800000000)
  region size 2048K, 1 young (2048K), 1 survivors (2048K)
 Metaspace       used 2436K, capacity 4962K, committed 5120K, reserved 1056768K
  class space    used 219K, capacity 480K, committed 512K, reserved 1048576K
}
Event: 0.215 GC heap before
{Heap before GC invocations=4 (full 1):
 garbage-first heap   total 34816K, used 11972K [0x000000060d600000, 0x0000000800000000)
  region size 2048K, 5 young (10240K), 1 survivors (2048K)
 Metaspace       used 2455K, capacity 4963K, committed 5120K, reserved 1056768K
  class space    used 219K, capacity 480K, committed 512K, reserved 1048576K
}
Event: 0.227 GC heap after
{Heap after GC invocations=5 (full 2):
 garbage-first heap   total 34816K, used 6556K [0x000000060d600000, 0x0000000800000000)
  region size 2048K, 0 young (0K), 0 survivors (0K)
 Metaspace       used 2455K, capacity 4963K, committed 5120K, reserved 1056768K
  class space    used 219K, capacity 480K, committed 512K, reserved 1048576K
}
Event: 0.353 GC heap before
{Heap before GC invocations=5 (full 2):
 garbage-first heap   total 34816K, used 16796K [0x000000060d600000, 0x0000000800000000)
  region size 2048K, 5 young (10240K), 0 survivors (0K)
 Metaspace       used 5177K, capacity 6352K, committed 6656K, reserved 1056768K
  class space    used 497K, capacity 674K, committed 768K, reserved 1048576K
}
Event: 0.356 GC heap after
{Heap after GC invocations=6 (full 2):
 garbage-first heap   total 34816K, used 11087K [0x000000060d600000, 0x0000000800000000)
  region size 2048K, 1 young (2048K), 1 survivors (2048K)
 Metaspace       used 5177K, capacity 6352K, committed 6656K, reserved 1056768K
  class space    used 497K, capacity 674K, committed 768K, reserved 1048576K
}
Event: 0.403 GC heap before
{Heap before GC invocations=6 (full 2):
 garbage-first heap   total 34816K, used 17231K [0x000000060d600000, 0x0000000800000000)
  region size 2048K, 5 young (10240K), 1 survivors (2048K)
 Metaspace       used 7032K, capacity 7617K, committed 7808K, reserved 1056768K
  class space    used 671K, capacity 837K, committed 896K, reserved 1048576K
}
Event: 0.405 GC heap after
{Heap after GC invocations=7 (full 2):
 garbage-first heap   total 34816K, used 12700K [0x000000060d600000, 0x0000000800000000)
  region size 2048K, 1 young (2048K), 1 survivors (2048K)
 Metaspace       used 7032K, capacity 7617K, committed 7808K, reserved 1056768K
  class space    used 671K, capacity 837K, committed 896K, reserved 1048576K
}
Event: 0.461 GC heap before
{Heap before GC invocations=7 (full 2):
 garbage-first heap   total 34816K, used 20892K [0x000000060d600000, 0x0000000800000000)
  region size 2048K, 5 young (10240K), 1 survivors (2048K)
 Metaspace       used 8452K, capacity 8726K, committed 8960K, reserved 1056768K
  class space    used 801K, capacity 904K, committed 1024K, reserved 1048576K
}
Event: 0.463 GC heap after
{Heap after GC invocations=8 (full 2):
 garbage-first heap   total 274432K, used 13747K [0x000000060d600000, 0x0000000800000000)
  region size 2048K, 1 young (2048K), 1 survivors (2048K)
 Metaspace       used 8452K, capacity 8726K, committed 8960K, reserved 1056768K
  class space    used 801K, capacity 904K, committed 1024K, reserved 1048576K
}
Event: 0.633 GC heap before
{Heap before GC invocations=8 (full 2):
 garbage-first heap   total 274432K, used 40371K [0x000000060d600000, 0x0000000800000000)
  region size 2048K, 15 young (30720K), 1 survivors (2048K)
 Metaspace       used 8994K, capacity 9274K, committed 9472K, reserved 1058816K
  class space    used 833K, capacity 940K, committed 1024K, reserved 1048576K
}
Event: 0.641 GC heap after
{Heap after GC invocations=9 (full 3):
 garbage-first heap   total 81920K, used 16643K [0x000000060d600000, 0x0000000800000000)
  region size 2048K, 0 young (0K), 0 survivors (0K)
 Metaspace       used 8994K, capacity 9274K, committed 9472K, reserved 1058816K
  class space    used 833K, capacity 940K, committed 1024K, reserved 1048576K
}
Event: 0.773 GC heap before
{Heap before GC invocations=9 (full 3):
 garbage-first heap   total 81920K, used 35075K [0x000000060d600000, 0x0000000800000000)
  region size 2048K, 10 young (20480K), 0 survivors (0K)
 Metaspace       used 9036K, capacity 9339K, committed 9472K, reserved 1058816K
  class space    used 833K, capacity 940K, committed 1024K, reserved 1048576K
}
Event: 0.774 GC heap after
{Heap after GC invocations=10 (full 3):
 garbage-first heap   total 81920K, used 21261K [0x000000060d600000, 0x0000000800000000)
  region size 2048K, 2 young (4096K), 2 survivors (4096K)
 Metaspace       used 9036K, capacity 9339K, committed 9472K, reserved 1058816K
  class space    used 833K, capacity 940K, committed 1024K, reserved 1048576K
}
Event: 0.917 GC heap before
{Heap before GC invocations=10 (full 3):
 garbage-first heap   total 81920K, used 39693K [0x000000060d600000, 0x0000000800000000)
  region size 2048K, 12 young (24576K), 2 survivors (4096K)
 Metaspace       used 9061K, capacity 9339K, committed 9472K, reserved 1058816K
  class space    used 833K, capacity 940K, committed 1024K, reserved 1048576K
}
Event: 0.919 GC heap after
{Heap after GC invocations=11 (full 3):
 garbage-first heap   total 81920K, used 23449K [0x000000060d600000, 0x0000000800000000)
  region size 2048K, 2 young (4096K), 2 survivors (4096K)
 Metaspace       used 9061K, capacity 9339K, committed 9472K, reserved 1058816K
  class space    used 833K, capacity 940K, committed 1024K, reserved 1048576K
}
Event: 1.059 GC heap before
{Heap before GC invocations=11 (full 3):
 garbage-first heap   total 81920K, used 41881K [0x000000060d600000, 0x0000000800000000)
  region size 2048K, 12 young (24576K), 2 survivors (4096K)
 Metaspace       used 9154K, capacity 9467K, committed 9728K, reserved 1058816K
  class space    used 833K, capacity 940K, committed 1024K, reserved 1048576K
}
Event: 1.061 GC heap after
{Heap after GC invocations=12 (full 3):
 garbage-first heap   total 81920K, used 28089K [0x000000060d600000, 0x0000000800000000)
  region size 2048K, 2 young (4096K), 2 survivors (4096K)
 Metaspace       used 9154K, capacity 9467K, committed 9728K, reserved 1058816K
  class space    used 833K, capacity 940K, committed 1024K, reserved 1048576K
}
Event: 1.151 GC heap before
{Heap before GC invocations=12 (full 3):
 garbage-first heap   total 81920K, used 42425K [0x000000060d600000, 0x0000000800000000)
  region size 2048K, 10 young (20480K), 2 survivors (4096K)
 Metaspace       used 9181K, capacity 9467K, committed 9728K, reserved 1058816K
  class space    used 833K, capacity 940K, committed 1024K, reserved 1048576K
}
Event: 1.153 GC heap after
{Heap after GC invocations=13 (full 3):
 garbage-first heap   total 296960K, used 28698K [0x000000060d600000, 0x0000000800000000)
  region size 2048K, 2 young (4096K), 2 survivors (4096K)
 Metaspace       used 9181K, capacity 9467K, committed 9728K, reserved 1058816K
  class space    used 833K, capacity 940K, committed 1024K, reserved 1048576K
}

