# JRE version: OpenJDK Runtime Environment (11.0.29+7) (build 11.0.29+7-post-Ubuntu-1ubuntu124.04)
# Java VM: OpenJDK 64-Bit Server VM (11.0.29+7-post-Ubuntu-1ubuntu124.04, mixed mode, sharing, tiered, compressed oops, g1 gc, linux-amd64)
Heap:
 garbage-first heap   total 34816K, used 10265K [0x000000060d600000, 0x0000000800000000)
  region size 2048K, 4 young (8192K), 1 survivors (2048K)
 Metaspace       used 2453K, capacity 4963K, committed 5120K, reserved 1056768K
  class space    used 219K, capacity 480K, committed 512K, reserved 1048576K
GC Heap History (8 events):
Event: 0.069 GC heap before
{Heap before GC invocations=0 (full 0):
 garbage-first heap   total 516096K, used 2768K [0x000000060d600000, 0x0000000800000000)
  region size 2048K, 3 young (6144K), 0 survivors (0K)
 Metaspace       used 1873K, capacity 4779K, committed 4864K, reserved 1056768K
  class space    used 172K, capacity 465K, committed 512K, reserved 1048576K
}
Event: 0.071 GC heap after
{Heap after GC invocations=1 (full 1):
 garbage-first heap   total 34816K, used 2739K [0x000000060d600000, 0x0000000800000000)
  region size 2048K, 0 young (0K), 0 survivors (0K)
 Metaspace       used 1873K, capacity 4779K, committed 4864K, reserved 1056768K
  class space    used 172K, capacity 465K, committed 512K, reserved 1048576K
}
Event: 0.139 GC heap before
{Heap before GC invocations=1 (full 1):
 garbage-first heap   total 34816K, used 12979K [0x000000060d600000, 0x0000000800000000)
  region size 2048K, 5 young (10240K), 0 survivors (0K)
 Metaspace       used 2384K, capacity 4962K, committed 5120K, reserved 1056768K
  class space    used 219K, capacity 480K, committed 512K, reserved 1048576K
}
Event: 0.140 GC heap after
{Heap after GC invocations=2 (full 1):
 garbage-first heap   total 34816K, used 3691K [0x000000060d600000, 0x0000000800000000)
  region size 2048K, 1 young (2048K), 1 survivors (2048K)
 Metaspace       used 2384K, capacity 4962K, committed 5120K, reserved 1056768K
  class space    used 219K, capacity 480K, committed 512K, reserved 1048576K
}
Event: 0.150 GC heap before
{Heap before GC invocations=2 (full 1):
 garbage-first heap   total 34816K, used 15979K [0x000000060d600000, 0x0000000800000000)
  region size 2048K, 7 young (14336K), 1 survivors (2048K)
 Metaspace       used 2400K, capacity 4962K, committed 5120K, reserved 1056768K
  class space    used 219K, capacity 480K, committed 512K, reserved 1048576K
}
Event: 0.151 GC heap after
{Heap after GC invocations=3 (full 1):
 garbage-first heap   total 34816K, used 4812K [0x000000060d600000, 0x0000000800000000)
  region size 2048K, 1 young (2048K), 1 survivors (2048K)
 Metaspace       used 2400K, capacity 4962K, committed 5120K, reserved 1056768K
  class space    used 219K, capacity 480K, committed 512K, reserved 1048576K
}
Event: 0.159 GC heap before
{Heap before GC invocations=3 (full 1):
 garbage-first heap   total 34816K, used 15052K [0x000000060d600000, 0x0000000800000000)
  region size 2048K, 6 young (12288K), 1 survivors (2048K)
 Metaspace       used 2445K, capacity 4962K, committed 5120K, reserved 1056768K
  class space    used 219K, capacity 480K, committed 512K, reserved 1048576K
}
Event: 0.161 GC heap after
{Heap after GC invocations=4 (full 1):
 garbage-first heap   total 34816K, used 6169K [0x000000060d600000, 0x0000000800000000)
  region size 2048K, 1 young (2048K), 1 survivors (2048K)
 Metaspace       used 2445K, capacity 4962K, committed 5120K, reserved 1056768K
  class space    used 219K, capacity 480K, committed 512K, reserved 1048576K
}

